[INFO] Scanning for projects...
[INFO] 
[INFO] --------------------< com.codesync:collab-service >---------------------
[INFO] Building collab-service 0.0.1-SNAPSHOT
[INFO]   from pom.xml
[INFO] --------------------------------[ jar ]---------------------------------
[INFO] 
[INFO] >>> spring-boot:4.0.5:run (default-cli) > test-compile @ collab-service >>>
[INFO] 
[INFO] --- resources:3.3.1:resources (default-resources) @ collab-service ---
[INFO] Copying 1 resource from src\main\resources to target\classes
[INFO] Copying 0 resource from src\main\resources to target\classes
[INFO] 
[INFO] --- compiler:3.14.1:compile (default-compile) @ collab-service ---
[INFO] Nothing to compile - all classes are up to date.
[INFO] 
[INFO] --- resources:3.3.1:testResources (default-testResources) @ collab-service ---
[INFO] Copying 1 resource from src\test\resources to target\test-classes
[INFO] 
[INFO] --- compiler:3.14.1:testCompile (default-testCompile) @ collab-service ---
[INFO] Nothing to compile - all classes are up to date.
[INFO] 
[INFO] <<< spring-boot:4.0.5:run (default-cli) < test-compile @ collab-service <<<
[INFO] 
[INFO] 
[INFO] --- spring-boot:4.0.5:run (default-cli) @ collab-service ---
[INFO] Attaching agents: []
  .   ____          _            __ _ _
 /\\ / ___'_ __ _ _(_)_ __  __ _ \ \ \ \
( ( )\___ | '_ | '_| | '_ \/ _` | \ \ \ \
 \\/  ___)| |_)| | | | | || (_| |  ) ) ) )
  '  |____| .__|_| |_|_| |_\__, | / / / /
 =========|_|==============|___/=/_/_/_/
 :: Spring Boot ::                (v4.0.5)
2026-04-20T23:07:38.252+05:30  INFO 13652 --- [collab-service] [           main] c.c.collab.CollabServiceApplication      : Starting CollabServiceApplication using Java 21.0.10 with PID 13652 (D:\Code Collaboration Platform\CodeSync\collab-service\target\classes started by tdeep in D:\Code Collaboration Platform\CodeSync\collab-service)
2026-04-20T23:07:38.262+05:30  INFO 13652 --- [collab-service] [           main] c.c.collab.CollabServiceApplication      : No active profile set, falling back to 1 default profile: "default"
2026-04-20T23:07:41.929+05:30  INFO 13652 --- [collab-service] [           main] .s.d.r.c.RepositoryConfigurationDelegate : Bootstrapping Spring Data JPA repositories in DEFAULT mode.
2026-04-20T23:07:42.360+05:30  INFO 13652 --- [collab-service] [           main] .s.d.r.c.RepositoryConfigurationDelegate : Finished Spring Data repository scanning in 401 ms. Found 2 JPA repository interfaces.
2026-04-20T23:07:43.525+05:30  INFO 13652 --- [collab-service] [           main] o.s.cloud.context.scope.GenericScope     : BeanFactory id=93369739-6f28-3049-9c46-506fde6d0a29
2026-04-20T23:07:44.678+05:30  INFO 13652 --- [collab-service] [           main] o.s.boot.tomcat.TomcatWebServer          : Tomcat initialized with port 8084 (http)
2026-04-20T23:07:44.714+05:30  INFO 13652 --- [collab-service] [           main] o.apache.catalina.core.StandardService   : Starting service [Tomcat]
2026-04-20T23:07:44.715+05:30  INFO 13652 --- [collab-service] [           main] o.apache.catalina.core.StandardEngine    : Starting Servlet engine: [Apache Tomcat/11.0.20]
2026-04-20T23:07:44.902+05:30  INFO 13652 --- [collab-service] [           main] b.w.c.s.WebApplicationContextInitializer : Root WebApplicationContext: initialization completed in 6436 ms
2026-04-20T23:07:45.652+05:30  INFO 13652 --- [collab-service] [           main] org.hibernate.orm.jpa                    : HHH008540: Processing PersistenceUnitInfo [name: default]
2026-04-20T23:07:45.777+05:30  INFO 13652 --- [collab-service] [           main] org.hibernate.orm.core                   : HHH000001: Hibernate ORM core version 7.2.7.Final
2026-04-20T23:07:46.824+05:30  INFO 13652 --- [collab-service] [           main] o.s.o.j.p.SpringPersistenceUnitInfo      : No LoadTimeWeaver setup: ignoring JPA class transformer
2026-04-20T23:07:46.888+05:30  INFO 13652 --- [collab-service] [           main] com.zaxxer.hikari.HikariDataSource       : HikariPool-1 - Starting...
2026-04-20T23:07:48.522+05:30  INFO 13652 --- [collab-service] [           main] com.zaxxer.hikari.pool.HikariPool        : HikariPool-1 - Added connection com.mysql.cj.jdbc.ConnectionImpl@74ee97cb
2026-04-20T23:07:48.527+05:30  INFO 13652 --- [collab-service] [           main] com.zaxxer.hikari.HikariDataSource       : HikariPool-1 - Start completed.
2026-04-20T23:07:48.752+05:30  INFO 13652 --- [collab-service] [           main] org.hibernate.orm.connections.pooling    : HHH10001005: Database info:
	Database JDBC URL [jdbc:mysql://localhost:3306/collab_db?createDatabaseIfNotExist=true&useSSL=false&allowPublicKeyRetrieval=true&serverTimezone=UTC]
	Database driver: MySQL Connector/J
	Database dialect: MySQLDialect
	Database version: 8.0.45
	Default catalog/schema: collab_db/undefined
	Autocommit mode: undefined/unknown
	Isolation level: REPEATABLE_READ [default REPEATABLE_READ]
	JDBC fetch size: none
	Pool: DataSourceConnectionProvider
	Minimum pool size: undefined/unknown
	Maximum pool size: undefined/unknown
2026-04-20T23:07:50.921+05:30  INFO 13652 --- [collab-service] [           main] org.hibernate.orm.core                   : HHH000489: No JTA platform available (set 'hibernate.transaction.jta.platform' to enable JTA platform integration)
Hibernate: create table collab_participants (participant_id bigint not null auto_increment, color varchar(20) not null, cursor_col integer not null, cursor_line integer not null, joined_at datetime(6) not null, left_at datetime(6), role enum ('EDITOR','HOST','VIEWER') not null, selection_end_col integer not null, selection_end_line integer not null, user_id bigint not null, session_id varchar(36) not null, primary key (participant_id)) engine=InnoDB
Hibernate: create table collab_sessions (session_id varchar(36) not null, created_at datetime(6) not null, current_content tinytext not null, current_revision integer not null, ended_at datetime(6), file_id bigint not null, language varchar(100), last_activity_at datetime(6) not null, max_participants integer not null, owner_id bigint not null, password_protected bit not null, project_id bigint not null, session_password_hash varchar(255), status enum ('ACTIVE','ENDED') not null, version bigint not null, primary key (session_id)) engine=InnoDB
Hibernate: alter table collab_participants add constraint FK207ekebwyhnun2a24elaxkvqn foreign key (session_id) references collab_sessions (session_id)
2026-04-20T23:07:51.256+05:30  INFO 13652 --- [collab-service] [           main] j.LocalContainerEntityManagerFactoryBean : Initialized JPA EntityManagerFactory for persistence unit 'default'
2026-04-20T23:07:51.779+05:30  INFO 13652 --- [collab-service] [           main] o.s.d.j.r.query.QueryEnhancerFactories   : Hibernate is in classpath; If applicable, HQL parser will be used.
2026-04-20T23:07:52.657+05:30  WARN 13652 --- [collab-service] [           main] .s.a.UserDetailsServiceAutoConfiguration : 
Using generated security password: 45b3a12e-6c29-40c1-b79b-6cf851c4d2b5
This generated password is for development use only. Your security configuration must be updated before running your application in production.
2026-04-20T23:07:52.683+05:30  INFO 13652 --- [collab-service] [           main] r$InitializeUserDetailsManagerConfigurer : Global AuthenticationManager configured with UserDetailsService bean with name inMemoryUserDetailsManager
2026-04-20T23:07:54.457+05:30  INFO 13652 --- [collab-service] [           main] DiscoveryClientOptionalArgsConfiguration : Eureka HTTP Client uses RestClient.
2026-04-20T23:07:54.523+05:30  WARN 13652 --- [collab-service] [           main] iguration$LoadBalancerCaffeineWarnLogger : Spring Cloud LoadBalancer is currently working with the default cache. While this cache implementation is useful for development and tests, it's recommended to use Caffeine cache in production.You can switch to using Caffeine cache, by adding it and org.springframework.cache.caffeine.CaffeineCacheManager to the classpath.
2026-04-20T23:07:54.537+05:30  INFO 13652 --- [collab-service] [           main] o.s.b.a.e.web.EndpointLinksResolver      : Exposing 2 endpoints beneath base path '/actuator'
2026-04-20T23:07:54.630+05:30  INFO 13652 --- [collab-service] [           main] o.s.m.s.b.SimpleBrokerMessageHandler     : Starting...
2026-04-20T23:07:54.632+05:30  INFO 13652 --- [collab-service] [           main] o.s.m.s.b.SimpleBrokerMessageHandler     : BrokerAvailabilityEvent[available=true, SimpleBrokerMessageHandler [org.springframework.messaging.simp.broker.DefaultSubscriptionRegistry@24e5a4e0]]
2026-04-20T23:07:54.634+05:30  INFO 13652 --- [collab-service] [           main] o.s.m.s.b.SimpleBrokerMessageHandler     : Started.
2026-04-20T23:07:54.648+05:30  INFO 13652 --- [collab-service] [           main] o.s.c.n.eureka.InstanceInfoFactory       : Setting initial instance status as: STARTING
2026-04-20T23:07:54.705+05:30  INFO 13652 --- [collab-service] [           main] com.netflix.discovery.DiscoveryClient    : Initializing Eureka in region us-east-1
2026-04-20T23:07:54.711+05:30  INFO 13652 --- [collab-service] [           main] c.n.d.s.r.aws.ConfigClusterResolver      : Resolving eureka endpoints via configuration
2026-04-20T23:07:54.726+05:30  INFO 13652 --- [collab-service] [           main] com.netflix.discovery.DiscoveryClient    : Disable delta property : false
2026-04-20T23:07:54.726+05:30  INFO 13652 --- [collab-service] [           main] com.netflix.discovery.DiscoveryClient    : Single vip registry refresh property : null
2026-04-20T23:07:54.726+05:30  INFO 13652 --- [collab-service] [           main] com.netflix.discovery.DiscoveryClient    : Force full registry fetch : false
2026-04-20T23:07:54.727+05:30  INFO 13652 --- [collab-service] [           main] com.netflix.discovery.DiscoveryClient    : Application is null : false
2026-04-20T23:07:54.727+05:30  INFO 13652 --- [collab-service] [           main] com.netflix.discovery.DiscoveryClient    : Registered Applications size is zero : true
2026-04-20T23:07:54.727+05:30  INFO 13652 --- [collab-service] [           main] com.netflix.discovery.DiscoveryClient    : Application version is -1: true
2026-04-20T23:07:54.727+05:30  INFO 13652 --- [collab-service] [           main] com.netflix.discovery.DiscoveryClient    : Getting all instance registry info from the eureka server
2026-04-20T23:07:55.094+05:30  INFO 13652 --- [collab-service] [           main] com.netflix.discovery.DiscoveryClient    : The response status is 200
2026-04-20T23:07:55.104+05:30  INFO 13652 --- [collab-service] [           main] com.netflix.discovery.DiscoveryClient    : Starting heartbeat executor: renew interval is: 30
2026-04-20T23:07:55.107+05:30  INFO 13652 --- [collab-service] [           main] c.n.discovery.InstanceInfoReplicator     : InstanceInfoReplicator onDemand update allowed rate per min is 4
2026-04-20T23:07:55.110+05:30  INFO 13652 --- [collab-service] [           main] com.netflix.discovery.DiscoveryClient    : Discovery Client initialized at timestamp 1776706675109 with initial instances count: 0
2026-04-20T23:07:55.123+05:30  INFO 13652 --- [collab-service] [           main] o.s.c.n.e.s.EurekaServiceRegistry        : Registering application COLLAB-SERVICE with eureka with status UP
2026-04-20T23:07:55.124+05:30  INFO 13652 --- [collab-service] [           main] com.netflix.discovery.DiscoveryClient    : Saw local status change event StatusChangeEvent [timestamp=1776706675124, current=UP, previous=STARTING]
2026-04-20T23:07:55.127+05:30  INFO 13652 --- [collab-service] [foReplicator-%d] com.netflix.discovery.DiscoveryClient    : DiscoveryClient_COLLAB-SERVICE/collab-service:530fbb61122d10bf70c6fa911fb179c3: registering service...
2026-04-20T23:07:55.186+05:30  INFO 13652 --- [collab-service] [           main] o.s.boot.tomcat.TomcatWebServer          : Tomcat started on port 8084 (http) with context path '/'
2026-04-20T23:07:55.187+05:30  INFO 13652 --- [collab-service] [           main] .s.c.n.e.s.EurekaAutoServiceRegistration : Updating port to 8084
2026-04-20T23:07:55.191+05:30  INFO 13652 --- [collab-service] [foReplicator-%d] com.netflix.discovery.DiscoveryClient    : DiscoveryClient_COLLAB-SERVICE/collab-service:530fbb61122d10bf70c6fa911fb179c3 - registration status: 204
2026-04-20T23:07:55.208+05:30  INFO 13652 --- [collab-service] [           main] c.c.collab.CollabServiceApplication      : Started CollabServiceApplication in 18.323 seconds (process running for 19.952)
Hibernate: select cs1_0.session_id,cs1_0.created_at,cs1_0.current_content,cs1_0.current_revision,cs1_0.ended_at,cs1_0.file_id,cs1_0.language,cs1_0.last_activity_at,cs1_0.max_participants,cs1_0.owner_id,cs1_0.password_protected,cs1_0.project_id,cs1_0.session_password_hash,cs1_0.status,cs1_0.version from collab_sessions cs1_0 where cs1_0.status=? and cs1_0.last_activity_at<?
2026-04-20T23:07:57.519+05:30  INFO 13652 --- [collab-service] [nio-8084-exec-1] o.a.c.c.C.[Tomcat].[localhost].[/]       : Initializing Spring DispatcherServlet 'dispatcherServlet'
2026-04-20T23:07:57.519+05:30  INFO 13652 --- [collab-service] [nio-8084-exec-1] o.s.web.servlet.DispatcherServlet        : Initializing Servlet 'dispatcherServlet'
2026-04-20T23:07:57.521+05:30  INFO 13652 --- [collab-service] [nio-8084-exec-1] o.s.web.servlet.DispatcherServlet        : Completed initialization in 2 ms
