
  .   ____          _            __ _ _
 /\\ / ___'_ __ _ _(_)_ __  __ _ \ \ \ \
( ( )\___ | '_ | '_| | '_ \/ _` | \ \ \ \
 \\/  ___)| |_)| | | | | || (_| |  ) ) ) )
  '  |____| .__|_| |_|_| |_\__, | / / / /
 =========|_|==============|___/=/_/_/_/

 :: Spring Boot ::                (v4.0.5)

2026-04-20T15:34:16.098+05:30  INFO 13264 --- [auth-service] [           main] c.codesync.auth.AuthServiceApplication   : Starting AuthServiceApplication v0.0.1-SNAPSHOT using Java 21.0.10 with PID 13264 (D:\Code Collaboration Platform\CodeSync\auth-service\target\auth-service-0.0.1-SNAPSHOT.jar started by tdeep in D:\Code Collaboration Platform\CodeSync\auth-service)
2026-04-20T15:34:16.123+05:30  INFO 13264 --- [auth-service] [           main] c.codesync.auth.AuthServiceApplication   : No active profile set, falling back to 1 default profile: "default"
2026-04-20T15:34:18.999+05:30  INFO 13264 --- [auth-service] [           main] .s.d.r.c.RepositoryConfigurationDelegate : Bootstrapping Spring Data JPA repositories in DEFAULT mode.
2026-04-20T15:34:19.345+05:30  INFO 13264 --- [auth-service] [           main] .s.d.r.c.RepositoryConfigurationDelegate : Finished Spring Data repository scanning in 322 ms. Found 1 JPA repository interface.
2026-04-20T15:34:20.391+05:30  INFO 13264 --- [auth-service] [           main] o.s.cloud.context.scope.GenericScope     : BeanFactory id=cf38f9f2-afdc-3d4c-9052-fd759ddfeb70
2026-04-20T15:34:21.452+05:30  INFO 13264 --- [auth-service] [           main] o.s.boot.tomcat.TomcatWebServer          : Tomcat initialized with port 8080 (http)
2026-04-20T15:34:21.488+05:30  INFO 13264 --- [auth-service] [           main] o.apache.catalina.core.StandardService   : Starting service [Tomcat]
2026-04-20T15:34:21.491+05:30  INFO 13264 --- [auth-service] [           main] o.apache.catalina.core.StandardEngine    : Starting Servlet engine: [Apache Tomcat/11.0.20]
2026-04-20T15:34:21.578+05:30  INFO 13264 --- [auth-service] [           main] b.w.c.s.WebApplicationContextInitializer : Root WebApplicationContext: initialization completed in 5241 ms
2026-04-20T15:34:22.460+05:30  INFO 13264 --- [auth-service] [           main] org.hibernate.orm.jpa                    : HHH008540: Processing PersistenceUnitInfo [name: default]
2026-04-20T15:34:22.646+05:30  INFO 13264 --- [auth-service] [           main] org.hibernate.orm.core                   : HHH000001: Hibernate ORM core version 7.2.7.Final
2026-04-20T15:34:23.896+05:30  INFO 13264 --- [auth-service] [           main] o.s.o.j.p.SpringPersistenceUnitInfo      : No LoadTimeWeaver setup: ignoring JPA class transformer
2026-04-20T15:34:23.974+05:30  INFO 13264 --- [auth-service] [           main] com.zaxxer.hikari.HikariDataSource       : HikariPool-1 - Starting...
2026-04-20T15:34:24.849+05:30  INFO 13264 --- [auth-service] [           main] com.zaxxer.hikari.pool.HikariPool        : HikariPool-1 - Added connection com.mysql.cj.jdbc.ConnectionImpl@75b3ef1a
2026-04-20T15:34:24.852+05:30  INFO 13264 --- [auth-service] [           main] com.zaxxer.hikari.HikariDataSource       : HikariPool-1 - Start completed.
2026-04-20T15:34:25.100+05:30  INFO 13264 --- [auth-service] [           main] org.hibernate.orm.connections.pooling    : HHH10001005: Database info:
	Database JDBC URL [jdbc:mysql://localhost:3306/codesync_auth]
	Database driver: MySQL Connector/J
	Database dialect: MySQLDialect
	Database version: 8.0.45
	Default catalog/schema: codesync_auth/undefined
	Autocommit mode: undefined/unknown
	Isolation level: REPEATABLE_READ [default REPEATABLE_READ]
	JDBC fetch size: none
	Pool: DataSourceConnectionProvider
	Minimum pool size: undefined/unknown
	Maximum pool size: undefined/unknown
2026-04-20T15:34:27.057+05:30  INFO 13264 --- [auth-service] [           main] org.hibernate.orm.core                   : HHH000489: No JTA platform available (set 'hibernate.transaction.jta.platform' to enable JTA platform integration)
2026-04-20T15:34:27.167+05:30  INFO 13264 --- [auth-service] [           main] j.LocalContainerEntityManagerFactoryBean : Initialized JPA EntityManagerFactory for persistence unit 'default'
2026-04-20T15:34:27.268+05:30  INFO 13264 --- [auth-service] [           main] o.s.d.j.r.query.QueryEnhancerFactories   : Hibernate is in classpath; If applicable, HQL parser will be used.
2026-04-20T15:34:28.310+05:30  INFO 13264 --- [auth-service] [           main] r$InitializeUserDetailsManagerConfigurer : Global AuthenticationManager configured with UserDetailsService bean with name userDetailsServiceImpl
2026-04-20T15:34:30.008+05:30  INFO 13264 --- [auth-service] [           main] DiscoveryClientOptionalArgsConfiguration : Eureka HTTP Client uses RestClient.
2026-04-20T15:34:30.119+05:30  WARN 13264 --- [auth-service] [           main] iguration$LoadBalancerCaffeineWarnLogger : Spring Cloud LoadBalancer is currently working with the default cache. While this cache implementation is useful for development and tests, it's recommended to use Caffeine cache in production.You can switch to using Caffeine cache, by adding it and org.springframework.cache.caffeine.CaffeineCacheManager to the classpath.
2026-04-20T15:34:30.133+05:30  INFO 13264 --- [auth-service] [           main] o.s.b.a.e.web.EndpointLinksResolver      : Exposing 2 endpoints beneath base path '/actuator'
2026-04-20T15:34:30.276+05:30  INFO 13264 --- [auth-service] [           main] o.s.c.n.eureka.InstanceInfoFactory       : Setting initial instance status as: STARTING
2026-04-20T15:34:30.334+05:30  INFO 13264 --- [auth-service] [           main] com.netflix.discovery.DiscoveryClient    : Initializing Eureka in region us-east-1
2026-04-20T15:34:30.342+05:30  INFO 13264 --- [auth-service] [           main] c.n.d.s.r.aws.ConfigClusterResolver      : Resolving eureka endpoints via configuration
2026-04-20T15:34:30.373+05:30  INFO 13264 --- [auth-service] [           main] com.netflix.discovery.DiscoveryClient    : Disable delta property : false
2026-04-20T15:34:30.374+05:30  INFO 13264 --- [auth-service] [           main] com.netflix.discovery.DiscoveryClient    : Single vip registry refresh property : null
2026-04-20T15:34:30.375+05:30  INFO 13264 --- [auth-service] [           main] com.netflix.discovery.DiscoveryClient    : Force full registry fetch : false
2026-04-20T15:34:30.376+05:30  INFO 13264 --- [auth-service] [           main] com.netflix.discovery.DiscoveryClient    : Application is null : false
2026-04-20T15:34:30.376+05:30  INFO 13264 --- [auth-service] [           main] com.netflix.discovery.DiscoveryClient    : Registered Applications size is zero : true
2026-04-20T15:34:30.377+05:30  INFO 13264 --- [auth-service] [           main] com.netflix.discovery.DiscoveryClient    : Application version is -1: true
2026-04-20T15:34:30.377+05:30  INFO 13264 --- [auth-service] [           main] com.netflix.discovery.DiscoveryClient    : Getting all instance registry info from the eureka server
2026-04-20T15:34:30.890+05:30  INFO 13264 --- [auth-service] [           main] com.netflix.discovery.DiscoveryClient    : The response status is 200
2026-04-20T15:34:30.896+05:30  INFO 13264 --- [auth-service] [           main] com.netflix.discovery.DiscoveryClient    : Starting heartbeat executor: renew interval is: 30
2026-04-20T15:34:30.900+05:30  INFO 13264 --- [auth-service] [           main] c.n.discovery.InstanceInfoReplicator     : InstanceInfoReplicator onDemand update allowed rate per min is 4
2026-04-20T15:34:30.903+05:30  INFO 13264 --- [auth-service] [           main] com.netflix.discovery.DiscoveryClient    : Discovery Client initialized at timestamp 1776679470902 with initial instances count: 1
2026-04-20T15:34:30.911+05:30  INFO 13264 --- [auth-service] [           main] o.s.c.n.e.s.EurekaServiceRegistry        : Registering application AUTH-SERVICE with eureka with status UP
2026-04-20T15:34:30.914+05:30  INFO 13264 --- [auth-service] [           main] com.netflix.discovery.DiscoveryClient    : Saw local status change event StatusChangeEvent [timestamp=1776679470914, current=UP, previous=STARTING]
2026-04-20T15:34:30.919+05:30  INFO 13264 --- [auth-service] [foReplicator-%d] com.netflix.discovery.DiscoveryClient    : DiscoveryClient_AUTH-SERVICE/auth-service:df651cce428e74d4e2fa4c5ee8379a3a: registering service...
2026-04-20T15:34:30.969+05:30  INFO 13264 --- [auth-service] [           main] o.s.boot.tomcat.TomcatWebServer          : Tomcat started on port 8080 (http) with context path '/'
2026-04-20T15:34:30.971+05:30  INFO 13264 --- [auth-service] [           main] .s.c.n.e.s.EurekaAutoServiceRegistration : Updating port to 8080
2026-04-20T15:34:30.994+05:30  INFO 13264 --- [auth-service] [           main] c.codesync.auth.AuthServiceApplication   : Started AuthServiceApplication in 16.411 seconds (process running for 18.129)
2026-04-20T15:34:31.039+05:30  INFO 13264 --- [auth-service] [foReplicator-%d] com.netflix.discovery.DiscoveryClient    : DiscoveryClient_AUTH-SERVICE/auth-service:df651cce428e74d4e2fa4c5ee8379a3a - registration status: 204
