
  .   ____          _            __ _ _
 /\\ / ___'_ __ _ _(_)_ __  __ _ \ \ \ \
( ( )\___ | '_ | '_| | '_ \/ _` | \ \ \ \
 \\/  ___)| |_)| | | | | || (_| |  ) ) ) )
  '  |____| .__|_| |_|_| |_\__, | / / / /
 =========|_|==============|___/=/_/_/_/

 :: Spring Boot ::                (v4.0.5)

2026-04-20T15:34:11.060+05:30  INFO 18732 --- [file-service] [           main] c.codesync.file.FileServiceApplication   : Starting FileServiceApplication v0.0.1-SNAPSHOT using Java 21.0.10 with PID 18732 (D:\Code Collaboration Platform\CodeSync\file-service\target\file-service-0.0.1-SNAPSHOT.jar started by tdeep in D:\Code Collaboration Platform\CodeSync\file-service)
2026-04-20T15:34:11.070+05:30  INFO 18732 --- [file-service] [           main] c.codesync.file.FileServiceApplication   : No active profile set, falling back to 1 default profile: "default"
2026-04-20T15:34:13.987+05:30  INFO 18732 --- [file-service] [           main] .s.d.r.c.RepositoryConfigurationDelegate : Bootstrapping Spring Data JPA repositories in DEFAULT mode.
2026-04-20T15:34:14.374+05:30  INFO 18732 --- [file-service] [           main] .s.d.r.c.RepositoryConfigurationDelegate : Finished Spring Data repository scanning in 362 ms. Found 1 JPA repository interface.
2026-04-20T15:34:15.508+05:30  INFO 18732 --- [file-service] [           main] o.s.cloud.context.scope.GenericScope     : BeanFactory id=5cf9df60-3f1f-35e1-acc1-e54fa16e4edf
2026-04-20T15:34:16.992+05:30  INFO 18732 --- [file-service] [           main] o.s.boot.tomcat.TomcatWebServer          : Tomcat initialized with port 8082 (http)
2026-04-20T15:34:17.036+05:30  INFO 18732 --- [file-service] [           main] o.apache.catalina.core.StandardService   : Starting service [Tomcat]
2026-04-20T15:34:17.038+05:30  INFO 18732 --- [file-service] [           main] o.apache.catalina.core.StandardEngine    : Starting Servlet engine: [Apache Tomcat/11.0.20]
2026-04-20T15:34:17.134+05:30  INFO 18732 --- [file-service] [           main] b.w.c.s.WebApplicationContextInitializer : Root WebApplicationContext: initialization completed in 5931 ms
2026-04-20T15:34:18.147+05:30  INFO 18732 --- [file-service] [           main] org.hibernate.orm.jpa                    : HHH008540: Processing PersistenceUnitInfo [name: default]
2026-04-20T15:34:18.310+05:30  INFO 18732 --- [file-service] [           main] org.hibernate.orm.core                   : HHH000001: Hibernate ORM core version 7.2.7.Final
2026-04-20T15:34:19.279+05:30  INFO 18732 --- [file-service] [           main] o.s.o.j.p.SpringPersistenceUnitInfo      : No LoadTimeWeaver setup: ignoring JPA class transformer
2026-04-20T15:34:19.332+05:30  INFO 18732 --- [file-service] [           main] com.zaxxer.hikari.HikariDataSource       : HikariPool-1 - Starting...
2026-04-20T15:34:19.819+05:30  INFO 18732 --- [file-service] [           main] com.zaxxer.hikari.pool.HikariPool        : HikariPool-1 - Added connection com.mysql.cj.jdbc.ConnectionImpl@5c16561a
2026-04-20T15:34:19.825+05:30  INFO 18732 --- [file-service] [           main] com.zaxxer.hikari.HikariDataSource       : HikariPool-1 - Start completed.
2026-04-20T15:34:20.057+05:30  INFO 18732 --- [file-service] [           main] org.hibernate.orm.connections.pooling    : HHH10001005: Database info:
	Database JDBC URL [jdbc:mysql://localhost:3306/file_db?createDatabaseIfNotExist=true&useSSL=false&allowPublicKeyRetrieval=true&serverTimezone=UTC]
	Database driver: MySQL Connector/J
	Database dialect: MySQLDialect
	Database version: 8.0.45
	Default catalog/schema: file_db/undefined
	Autocommit mode: undefined/unknown
	Isolation level: REPEATABLE_READ [default REPEATABLE_READ]
	JDBC fetch size: none
	Pool: DataSourceConnectionProvider
	Minimum pool size: undefined/unknown
	Maximum pool size: undefined/unknown
2026-04-20T15:34:22.326+05:30  INFO 18732 --- [file-service] [           main] org.hibernate.orm.core                   : HHH000489: No JTA platform available (set 'hibernate.transaction.jta.platform' to enable JTA platform integration)
2026-04-20T15:34:22.494+05:30  INFO 18732 --- [file-service] [           main] j.LocalContainerEntityManagerFactoryBean : Initialized JPA EntityManagerFactory for persistence unit 'default'
2026-04-20T15:34:22.663+05:30  INFO 18732 --- [file-service] [           main] o.s.d.j.r.query.QueryEnhancerFactories   : Hibernate is in classpath; If applicable, HQL parser will be used.
2026-04-20T15:34:23.318+05:30  WARN 18732 --- [file-service] [           main] .s.a.UserDetailsServiceAutoConfiguration : 

Using generated security password: dae91e13-bd2d-4b08-8567-b31f23fb16be

This generated password is for development use only. Your security configuration must be updated before running your application in production.

2026-04-20T15:34:23.337+05:30  INFO 18732 --- [file-service] [           main] r$InitializeUserDetailsManagerConfigurer : Global AuthenticationManager configured with UserDetailsService bean with name inMemoryUserDetailsManager
2026-04-20T15:34:25.017+05:30  INFO 18732 --- [file-service] [           main] DiscoveryClientOptionalArgsConfiguration : Eureka HTTP Client uses RestClient.
2026-04-20T15:34:25.131+05:30  WARN 18732 --- [file-service] [           main] iguration$LoadBalancerCaffeineWarnLogger : Spring Cloud LoadBalancer is currently working with the default cache. While this cache implementation is useful for development and tests, it's recommended to use Caffeine cache in production.You can switch to using Caffeine cache, by adding it and org.springframework.cache.caffeine.CaffeineCacheManager to the classpath.
2026-04-20T15:34:25.156+05:30  INFO 18732 --- [file-service] [           main] o.s.b.a.e.web.EndpointLinksResolver      : Exposing 2 endpoints beneath base path '/actuator'
2026-04-20T15:34:25.320+05:30  INFO 18732 --- [file-service] [           main] o.s.c.n.eureka.InstanceInfoFactory       : Setting initial instance status as: STARTING
2026-04-20T15:34:25.386+05:30  INFO 18732 --- [file-service] [           main] com.netflix.discovery.DiscoveryClient    : Initializing Eureka in region us-east-1
2026-04-20T15:34:25.395+05:30  INFO 18732 --- [file-service] [           main] c.n.d.s.r.aws.ConfigClusterResolver      : Resolving eureka endpoints via configuration
2026-04-20T15:34:25.416+05:30  INFO 18732 --- [file-service] [           main] com.netflix.discovery.DiscoveryClient    : Disable delta property : false
2026-04-20T15:34:25.418+05:30  INFO 18732 --- [file-service] [           main] com.netflix.discovery.DiscoveryClient    : Single vip registry refresh property : null
2026-04-20T15:34:25.418+05:30  INFO 18732 --- [file-service] [           main] com.netflix.discovery.DiscoveryClient    : Force full registry fetch : false
2026-04-20T15:34:25.418+05:30  INFO 18732 --- [file-service] [           main] com.netflix.discovery.DiscoveryClient    : Application is null : false
2026-04-20T15:34:25.418+05:30  INFO 18732 --- [file-service] [           main] com.netflix.discovery.DiscoveryClient    : Registered Applications size is zero : true
2026-04-20T15:34:25.419+05:30  INFO 18732 --- [file-service] [           main] com.netflix.discovery.DiscoveryClient    : Application version is -1: true
2026-04-20T15:34:25.419+05:30  INFO 18732 --- [file-service] [           main] com.netflix.discovery.DiscoveryClient    : Getting all instance registry info from the eureka server
2026-04-20T15:34:26.687+05:30  INFO 18732 --- [file-service] [           main] com.netflix.discovery.DiscoveryClient    : The response status is 200
2026-04-20T15:34:26.690+05:30  INFO 18732 --- [file-service] [           main] com.netflix.discovery.DiscoveryClient    : Starting heartbeat executor: renew interval is: 30
2026-04-20T15:34:26.694+05:30  INFO 18732 --- [file-service] [           main] c.n.discovery.InstanceInfoReplicator     : InstanceInfoReplicator onDemand update allowed rate per min is 4
2026-04-20T15:34:26.697+05:30  INFO 18732 --- [file-service] [           main] com.netflix.discovery.DiscoveryClient    : Discovery Client initialized at timestamp 1776679466696 with initial instances count: 0
2026-04-20T15:34:26.704+05:30  INFO 18732 --- [file-service] [           main] o.s.c.n.e.s.EurekaServiceRegistry        : Registering application FILE-SERVICE with eureka with status UP
2026-04-20T15:34:26.707+05:30  INFO 18732 --- [file-service] [           main] com.netflix.discovery.DiscoveryClient    : Saw local status change event StatusChangeEvent [timestamp=1776679466707, current=UP, previous=STARTING]
2026-04-20T15:34:26.710+05:30  INFO 18732 --- [file-service] [foReplicator-%d] com.netflix.discovery.DiscoveryClient    : DiscoveryClient_FILE-SERVICE/file-service:0fdadb9527f764183a9e887b1450f726: registering service...
2026-04-20T15:34:26.756+05:30  INFO 18732 --- [file-service] [           main] o.s.boot.tomcat.TomcatWebServer          : Tomcat started on port 8082 (http) with context path '/'
2026-04-20T15:34:26.758+05:30  INFO 18732 --- [file-service] [           main] .s.c.n.e.s.EurekaAutoServiceRegistration : Updating port to 8082
2026-04-20T15:34:26.798+05:30  INFO 18732 --- [file-service] [           main] c.codesync.file.FileServiceApplication   : Started FileServiceApplication in 16.571 seconds (process running for 17.598)
2026-04-20T15:34:27.105+05:30  INFO 18732 --- [file-service] [foReplicator-%d] com.netflix.discovery.DiscoveryClient    : DiscoveryClient_FILE-SERVICE/file-service:0fdadb9527f764183a9e887b1450f726 - registration status: 204
