
  .   ____          _            __ _ _
 /\\ / ___'_ __ _ _(_)_ __  __ _ \ \ \ \
( ( )\___ | '_ | '_| | '_ \/ _` | \ \ \ \
 \\/  ___)| |_)| | | | | || (_| |  ) ) ) )
  '  |____| .__|_| |_|_| |_\__, | / / / /
 =========|_|==============|___/=/_/_/_/

 :: Spring Boot ::                (v4.0.5)

2026-04-20T15:34:14.906+05:30  INFO 26128 --- [project-service] [           main] c.c.project.ProjectServiceApplication    : Starting ProjectServiceApplication v0.0.1-SNAPSHOT using Java 21.0.10 with PID 26128 (D:\Code Collaboration Platform\CodeSync\project-service\target\project-service-0.0.1-SNAPSHOT.jar started by tdeep in D:\Code Collaboration Platform\CodeSync\project-service)
2026-04-20T15:34:14.930+05:30  INFO 26128 --- [project-service] [           main] c.c.project.ProjectServiceApplication    : No active profile set, falling back to 1 default profile: "default"
2026-04-20T15:34:18.278+05:30  INFO 26128 --- [project-service] [           main] .s.d.r.c.RepositoryConfigurationDelegate : Bootstrapping Spring Data JPA repositories in DEFAULT mode.
2026-04-20T15:34:18.581+05:30  INFO 26128 --- [project-service] [           main] .s.d.r.c.RepositoryConfigurationDelegate : Finished Spring Data repository scanning in 280 ms. Found 1 JPA repository interface.
2026-04-20T15:34:19.372+05:30  INFO 26128 --- [project-service] [           main] o.s.cloud.context.scope.GenericScope     : BeanFactory id=c9cb55ce-000b-32e5-adc8-dc0cd94cdbdc
2026-04-20T15:34:20.416+05:30  INFO 26128 --- [project-service] [           main] o.s.boot.tomcat.TomcatWebServer          : Tomcat initialized with port 8081 (http)
2026-04-20T15:34:20.475+05:30  INFO 26128 --- [project-service] [           main] o.apache.catalina.core.StandardService   : Starting service [Tomcat]
2026-04-20T15:34:20.476+05:30  INFO 26128 --- [project-service] [           main] o.apache.catalina.core.StandardEngine    : Starting Servlet engine: [Apache Tomcat/11.0.20]
2026-04-20T15:34:20.558+05:30  INFO 26128 --- [project-service] [           main] b.w.c.s.WebApplicationContextInitializer : Root WebApplicationContext: initialization completed in 5421 ms
2026-04-20T15:34:21.431+05:30  INFO 26128 --- [project-service] [           main] org.hibernate.orm.jpa                    : HHH008540: Processing PersistenceUnitInfo [name: default]
2026-04-20T15:34:21.653+05:30  INFO 26128 --- [project-service] [           main] org.hibernate.orm.core                   : HHH000001: Hibernate ORM core version 7.2.7.Final
2026-04-20T15:34:23.052+05:30  INFO 26128 --- [project-service] [           main] o.s.o.j.p.SpringPersistenceUnitInfo      : No LoadTimeWeaver setup: ignoring JPA class transformer
2026-04-20T15:34:23.114+05:30  INFO 26128 --- [project-service] [           main] com.zaxxer.hikari.HikariDataSource       : HikariPool-1 - Starting...
2026-04-20T15:34:23.462+05:30  INFO 26128 --- [project-service] [           main] com.zaxxer.hikari.pool.HikariPool        : HikariPool-1 - Added connection com.mysql.cj.jdbc.ConnectionImpl@7c460
2026-04-20T15:34:23.465+05:30  INFO 26128 --- [project-service] [           main] com.zaxxer.hikari.HikariDataSource       : HikariPool-1 - Start completed.
2026-04-20T15:34:23.625+05:30  INFO 26128 --- [project-service] [           main] org.hibernate.orm.connections.pooling    : HHH10001005: Database info:
	Database JDBC URL [jdbc:mysql://localhost:3306/project_db?createDatabaseIfNotExist=true&useSSL=false&allowPublicKeyRetrieval=true&serverTimezone=UTC]
	Database driver: MySQL Connector/J
	Database dialect: MySQLDialect
	Database version: 8.0.45
	Default catalog/schema: project_db/undefined
	Autocommit mode: undefined/unknown
	Isolation level: REPEATABLE_READ [default REPEATABLE_READ]
	JDBC fetch size: none
	Pool: DataSourceConnectionProvider
	Minimum pool size: undefined/unknown
	Maximum pool size: undefined/unknown
2026-04-20T15:34:25.509+05:30  INFO 26128 --- [project-service] [           main] org.hibernate.orm.core                   : HHH000489: No JTA platform available (set 'hibernate.transaction.jta.platform' to enable JTA platform integration)
Hibernate: alter table projects modify column visibility enum ('PRIVATE','PUBLIC') not null
2026-04-20T15:34:25.770+05:30  INFO 26128 --- [project-service] [           main] j.LocalContainerEntityManagerFactoryBean : Initialized JPA EntityManagerFactory for persistence unit 'default'
2026-04-20T15:34:25.968+05:30  INFO 26128 --- [project-service] [           main] o.s.d.j.r.query.QueryEnhancerFactories   : Hibernate is in classpath; If applicable, HQL parser will be used.
2026-04-20T15:34:27.859+05:30  WARN 26128 --- [project-service] [           main] .s.a.UserDetailsServiceAutoConfiguration : 

Using generated security password: 0375414a-6d1f-480d-9f06-6a422ce947a9

This generated password is for development use only. Your security configuration must be updated before running your application in production.

2026-04-20T15:34:27.885+05:30  INFO 26128 --- [project-service] [           main] r$InitializeUserDetailsManagerConfigurer : Global AuthenticationManager configured with UserDetailsService bean with name inMemoryUserDetailsManager
2026-04-20T15:34:29.469+05:30  INFO 26128 --- [project-service] [           main] DiscoveryClientOptionalArgsConfiguration : Eureka HTTP Client uses RestClient.
2026-04-20T15:34:29.584+05:30  WARN 26128 --- [project-service] [           main] iguration$LoadBalancerCaffeineWarnLogger : Spring Cloud LoadBalancer is currently working with the default cache. While this cache implementation is useful for development and tests, it's recommended to use Caffeine cache in production.You can switch to using Caffeine cache, by adding it and org.springframework.cache.caffeine.CaffeineCacheManager to the classpath.
2026-04-20T15:34:29.605+05:30  INFO 26128 --- [project-service] [           main] o.s.b.a.e.web.EndpointLinksResolver      : Exposing 2 endpoints beneath base path '/actuator'
2026-04-20T15:34:29.753+05:30  INFO 26128 --- [project-service] [           main] o.s.c.n.eureka.InstanceInfoFactory       : Setting initial instance status as: STARTING
2026-04-20T15:34:29.817+05:30  INFO 26128 --- [project-service] [           main] com.netflix.discovery.DiscoveryClient    : Initializing Eureka in region us-east-1
2026-04-20T15:34:29.825+05:30  INFO 26128 --- [project-service] [           main] c.n.d.s.r.aws.ConfigClusterResolver      : Resolving eureka endpoints via configuration
2026-04-20T15:34:29.852+05:30  INFO 26128 --- [project-service] [           main] com.netflix.discovery.DiscoveryClient    : Disable delta property : false
2026-04-20T15:34:29.853+05:30  INFO 26128 --- [project-service] [           main] com.netflix.discovery.DiscoveryClient    : Single vip registry refresh property : null
2026-04-20T15:34:29.854+05:30  INFO 26128 --- [project-service] [           main] com.netflix.discovery.DiscoveryClient    : Force full registry fetch : false
2026-04-20T15:34:29.854+05:30  INFO 26128 --- [project-service] [           main] com.netflix.discovery.DiscoveryClient    : Application is null : false
2026-04-20T15:34:29.855+05:30  INFO 26128 --- [project-service] [           main] com.netflix.discovery.DiscoveryClient    : Registered Applications size is zero : true
2026-04-20T15:34:29.856+05:30  INFO 26128 --- [project-service] [           main] com.netflix.discovery.DiscoveryClient    : Application version is -1: true
2026-04-20T15:34:29.857+05:30  INFO 26128 --- [project-service] [           main] com.netflix.discovery.DiscoveryClient    : Getting all instance registry info from the eureka server
2026-04-20T15:34:30.749+05:30  INFO 26128 --- [project-service] [           main] com.netflix.discovery.DiscoveryClient    : The response status is 200
2026-04-20T15:34:30.753+05:30  INFO 26128 --- [project-service] [           main] com.netflix.discovery.DiscoveryClient    : Starting heartbeat executor: renew interval is: 30
2026-04-20T15:34:30.758+05:30  INFO 26128 --- [project-service] [           main] c.n.discovery.InstanceInfoReplicator     : InstanceInfoReplicator onDemand update allowed rate per min is 4
2026-04-20T15:34:30.761+05:30  INFO 26128 --- [project-service] [           main] com.netflix.discovery.DiscoveryClient    : Discovery Client initialized at timestamp 1776679470760 with initial instances count: 1
2026-04-20T15:34:30.767+05:30  INFO 26128 --- [project-service] [           main] o.s.c.n.e.s.EurekaServiceRegistry        : Registering application PROJECT-SERVICE with eureka with status UP
2026-04-20T15:34:30.769+05:30  INFO 26128 --- [project-service] [           main] com.netflix.discovery.DiscoveryClient    : Saw local status change event StatusChangeEvent [timestamp=1776679470769, current=UP, previous=STARTING]
2026-04-20T15:34:30.774+05:30  INFO 26128 --- [project-service] [foReplicator-%d] com.netflix.discovery.DiscoveryClient    : DiscoveryClient_PROJECT-SERVICE/project-service:36277470611c39e4652b26d801f0c41e: registering service...
2026-04-20T15:34:30.815+05:30  INFO 26128 --- [project-service] [           main] o.s.boot.tomcat.TomcatWebServer          : Tomcat started on port 8081 (http) with context path '/'
2026-04-20T15:34:30.816+05:30  INFO 26128 --- [project-service] [           main] .s.c.n.e.s.EurekaAutoServiceRegistration : Updating port to 8081
2026-04-20T15:34:30.838+05:30  INFO 26128 --- [project-service] [           main] c.c.project.ProjectServiceApplication    : Started ProjectServiceApplication in 17.225 seconds (process running for 18.97)
2026-04-20T15:34:30.866+05:30  INFO 26128 --- [project-service] [foReplicator-%d] com.netflix.discovery.DiscoveryClient    : DiscoveryClient_PROJECT-SERVICE/project-service:36277470611c39e4652b26d801f0c41e - registration status: 204
